Start testing: Nov 18 02:29 UTC
----------------------------------------------------------
1/3 Testing: test_matrix
1/3 Test: test_matrix
Command: "/home/user/zck/Document/MPC_CUDA/GPT_cuda/build/bin/test_test_matrix"
Directory: /home/user/zck/Document/MPC_CUDA/GPT_cuda/
"test_matrix" start time: Nov 18 02:29 UTC
Output:
----------------------------------------------------------
<end of output>
Test time =   0.09 sec
----------------------------------------------------------
Test Failed.
"test_matrix" end time: Nov 18 02:29 UTC
"test_matrix" time elapsed: 00:00:00
----------------------------------------------------------

Unable to find executable: ./run
2/3 Testing: test_communication
2/3 Test: test_communication
Command: "" "/home/user/zck/Document/MPC_CUDA/GPT_cuda/build/bin/test_test_communication"
Directory: /home/user/zck/Document/MPC_CUDA/GPT_cuda/
"test_communication" start time: 
Output:
----------------------------------------------------------
<end of output>
Test time =   0.00 sec
----------------------------------------------------------
Test Passed.
"test_communication" end time: Nov 18 02:29 UTC
"test_communication" time elapsed: 00:00:00
----------------------------------------------------------

Unable to find executable: ./run
3/3 Testing: test_invert
3/3 Test: test_invert
Command: "" "/home/user/zck/Document/MPC_CUDA/GPT_cuda/build/bin/test_test_invert"
Directory: /home/user/zck/Document/MPC_CUDA/GPT_cuda/
"test_invert" start time: 
Output:
----------------------------------------------------------
<end of output>
Test time =   0.00 sec
----------------------------------------------------------
Test Passed.
"test_invert" end time: Nov 18 02:29 UTC
"test_invert" time elapsed: 00:00:00
----------------------------------------------------------

End testing: Nov 18 02:29 UTC
